d:\visualstudio\meineprojekte\repo\fhwestkuesteswe\gruppe3\software\gebaeudemanagement\server\x64\debug\vc142.pdb
d:\visualstudio\meineprojekte\repo\fhwestkuesteswe\gruppe3\software\gebaeudemanagement\server\x64\debug\vc142.idb
d:\visualstudio\meineprojekte\repo\fhwestkuesteswe\gruppe3\software\gebaeudemanagement\server\x64\debug\zugang.obj
d:\visualstudio\meineprojekte\repo\fhwestkuesteswe\gruppe3\software\gebaeudemanagement\server\x64\debug\window.obj
d:\visualstudio\meineprojekte\repo\fhwestkuesteswe\gruppe3\software\gebaeudemanagement\server\x64\debug\temperatursensor.obj
d:\visualstudio\meineprojekte\repo\fhwestkuesteswe\gruppe3\software\gebaeudemanagement\server\x64\debug\basicserver.obj
d:\visualstudio\meineprojekte\repo\fhwestkuesteswe\gruppe3\software\gebaeudemanagement\server\x64\debug\servermain.obj
d:\visualstudio\meineprojekte\repo\fhwestkuesteswe\gruppe3\software\gebaeudemanagement\server\x64\debug\raum.obj
d:\visualstudio\meineprojekte\repo\fhwestkuesteswe\gruppe3\software\gebaeudemanagement\server\x64\debug\locationserver.obj
d:\visualstudio\meineprojekte\repo\fhwestkuesteswe\gruppe3\software\gebaeudemanagement\server\x64\debug\location.obj
d:\visualstudio\meineprojekte\repo\fhwestkuesteswe\gruppe3\software\gebaeudemanagement\server\x64\debug\heizung.obj
d:\visualstudio\meineprojekte\repo\fhwestkuesteswe\gruppe3\software\gebaeudemanagement\server\x64\debug\fileio.obj
d:\visualstudio\meineprojekte\repo\fhwestkuesteswe\gruppe3\software\gebaeudemanagement\x64\debug\server.ilk
d:\visualstudio\meineprojekte\repo\fhwestkuesteswe\gruppe3\software\gebaeudemanagement\x64\debug\server.exe
d:\visualstudio\meineprojekte\repo\fhwestkuesteswe\gruppe3\software\gebaeudemanagement\x64\debug\server.pdb
d:\visualstudio\meineprojekte\repo\fhwestkuesteswe\gruppe3\software\gebaeudemanagement\server\x64\debug\server.tlog\cl.command.1.tlog
d:\visualstudio\meineprojekte\repo\fhwestkuesteswe\gruppe3\software\gebaeudemanagement\server\x64\debug\server.tlog\cl.read.1.tlog
d:\visualstudio\meineprojekte\repo\fhwestkuesteswe\gruppe3\software\gebaeudemanagement\server\x64\debug\server.tlog\cl.write.1.tlog
d:\visualstudio\meineprojekte\repo\fhwestkuesteswe\gruppe3\software\gebaeudemanagement\server\x64\debug\server.tlog\link.command.1.tlog
d:\visualstudio\meineprojekte\repo\fhwestkuesteswe\gruppe3\software\gebaeudemanagement\server\x64\debug\server.tlog\link.read.1.tlog
d:\visualstudio\meineprojekte\repo\fhwestkuesteswe\gruppe3\software\gebaeudemanagement\server\x64\debug\server.tlog\link.write.1.tlog
